0 info it worked if it ends with ok
1 verbose cli [ '/usr/local/bin/node',
1 verbose cli   '/usr/local/bin/npm',
1 verbose cli   'install',
1 verbose cli   '--save',
1 verbose cli   'react-search-bar' ]
2 info using npm@2.15.1
3 info using node@v4.4.3
4 verbose install initial load of /Users/davidresnick/Desktop/App Academy/finalProject/package.json
5 warn package.json finalProject@1.0.0 No repository field.
6 verbose installManyTop reading scoped package data from /Users/davidresnick/Desktop/App Academy/finalProject/node_modules/babel/package.json
7 verbose installManyTop reading scoped package data from /Users/davidresnick/Desktop/App Academy/finalProject/node_modules/babel-core/package.json
8 verbose installManyTop reading scoped package data from /Users/davidresnick/Desktop/App Academy/finalProject/node_modules/babel-loader/package.json
9 verbose installManyTop reading scoped package data from /Users/davidresnick/Desktop/App Academy/finalProject/node_modules/babel-preset-react/package.json
10 verbose installManyTop reading scoped package data from /Users/davidresnick/Desktop/App Academy/finalProject/node_modules/classnames/package.json
11 verbose installManyTop reading scoped package data from /Users/davidresnick/Desktop/App Academy/finalProject/node_modules/es6-promise/package.json
12 verbose installManyTop reading scoped package data from /Users/davidresnick/Desktop/App Academy/finalProject/node_modules/flux/package.json
13 verbose installManyTop reading scoped package data from /Users/davidresnick/Desktop/App Academy/finalProject/node_modules/react/package.json
14 verbose installManyTop reading scoped package data from /Users/davidresnick/Desktop/App Academy/finalProject/node_modules/react-dom/package.json
15 verbose installManyTop reading scoped package data from /Users/davidresnick/Desktop/App Academy/finalProject/node_modules/react-modal/package.json
16 verbose installManyTop reading scoped package data from /Users/davidresnick/Desktop/App Academy/finalProject/node_modules/react-router/package.json
17 verbose installManyTop reading scoped package data from /Users/davidresnick/Desktop/App Academy/finalProject/node_modules/react-search-bar/package.json
18 verbose installManyTop reading scoped package data from /Users/davidresnick/Desktop/App Academy/finalProject/node_modules/webpack/package.json
19 info package.json classnames@2.2.4 No README data
20 verbose readDependencies loading dependencies from /Users/davidresnick/Desktop/App Academy/finalProject/package.json
21 verbose install react-search-bar is installed as 1.1.4
22 silly cache add args [ 'react-search-bar', null ]
23 verbose cache add spec react-search-bar
24 silly cache add parsed spec Result {
24 silly cache add   raw: 'react-search-bar',
24 silly cache add   scope: null,
24 silly cache add   name: 'react-search-bar',
24 silly cache add   rawSpec: '',
24 silly cache add   spec: 'latest',
24 silly cache add   type: 'tag' }
25 silly addNamed react-search-bar@latest
26 verbose addNamed "latest" is being treated as a dist-tag for react-search-bar
27 info addNameTag [ 'react-search-bar', 'latest' ]
28 silly mapToRegistry name react-search-bar
29 silly mapToRegistry using default registry
30 silly mapToRegistry registry https://registry.npmjs.org/
31 silly mapToRegistry data Result {
31 silly mapToRegistry   raw: 'react-search-bar',
31 silly mapToRegistry   scope: null,
31 silly mapToRegistry   name: 'react-search-bar',
31 silly mapToRegistry   rawSpec: '',
31 silly mapToRegistry   spec: 'latest',
31 silly mapToRegistry   type: 'tag' }
32 silly mapToRegistry uri https://registry.npmjs.org/react-search-bar
33 verbose addNameTag registry:https://registry.npmjs.org/react-search-bar not in flight; fetching
34 verbose request uri https://registry.npmjs.org/react-search-bar
35 verbose request no auth needed
36 info attempt registry request try #1 at 3:57:45 PM
37 verbose request id f4e9a3954e81cd76
38 verbose etag "1LYBC7LXYT8W50KJ7CJ1DZ71R"
39 http request GET https://registry.npmjs.org/react-search-bar
40 http 304 https://registry.npmjs.org/react-search-bar
41 verbose headers { date: 'Fri, 29 Apr 2016 22:57:45 GMT',
41 verbose headers   via: '1.1 varnish',
41 verbose headers   'cache-control': 'max-age=300',
41 verbose headers   etag: '"1LYBC7LXYT8W50KJ7CJ1DZ71R"',
41 verbose headers   age: '0',
41 verbose headers   connection: 'keep-alive',
41 verbose headers   'x-served-by': 'cache-ord1721-ORD',
41 verbose headers   'x-cache': 'MISS',
41 verbose headers   'x-cache-hits': '0',
41 verbose headers   'x-timer': 'S1461970665.367901,VS0,VE94',
41 verbose headers   vary: 'Accept-Encoding' }
42 silly get cb [ 304,
42 silly get   { date: 'Fri, 29 Apr 2016 22:57:45 GMT',
42 silly get     via: '1.1 varnish',
42 silly get     'cache-control': 'max-age=300',
42 silly get     etag: '"1LYBC7LXYT8W50KJ7CJ1DZ71R"',
42 silly get     age: '0',
42 silly get     connection: 'keep-alive',
42 silly get     'x-served-by': 'cache-ord1721-ORD',
42 silly get     'x-cache': 'MISS',
42 silly get     'x-cache-hits': '0',
42 silly get     'x-timer': 'S1461970665.367901,VS0,VE94',
42 silly get     vary: 'Accept-Encoding' } ]
43 verbose etag https://registry.npmjs.org/react-search-bar from cache
44 verbose get saving react-search-bar to /Users/davidresnick/.npm/registry.npmjs.org/react-search-bar/.cache.json
45 verbose correctMkdir /Users/davidresnick/.npm correctMkdir not in flight; initializing
46 silly addNameTag next cb for react-search-bar with tag latest
47 silly addNamed react-search-bar@1.1.4
48 verbose addNamed "1.1.4" is a plain semver version for react-search-bar
49 silly cache afterAdd react-search-bar@1.1.4
50 verbose afterAdd /Users/davidresnick/.npm/react-search-bar/1.1.4/package/package.json not in flight; writing
51 verbose correctMkdir /Users/davidresnick/.npm correctMkdir not in flight; initializing
52 verbose afterAdd /Users/davidresnick/.npm/react-search-bar/1.1.4/package/package.json written
53 silly install resolved [ { name: 'react-search-bar',
53 silly install resolved     version: '1.1.4',
53 silly install resolved     description: 'search bar with autosuggest',
53 silly install resolved     keywords:
53 silly install resolved      [ 'search',
53 silly install resolved        'autosuggest',
53 silly install resolved        'autocomplete',
53 silly install resolved        'react',
53 silly install resolved        'react-component' ],
53 silly install resolved     homepage: 'https://github.com/vakhtang/react-search-bar',
53 silly install resolved     bugs: { url: 'https://github.com/vakhtang/react-search-bar/issues' },
53 silly install resolved     license: 'MIT',
53 silly install resolved     author: { name: 'vakhtang' },
53 silly install resolved     files: [ 'lib', 'index.js' ],
53 silly install resolved     main: 'index.js',
53 silly install resolved     scripts:
53 silly install resolved      { build: 'babel src --out-dir lib',
53 silly install resolved        'build-demo': 'webpack -p',
53 silly install resolved        demo: 'webpack-dev-server --config webpack.config.dev.js',
53 silly install resolved        lint: 'eslint src' },
53 silly install resolved     repository:
53 silly install resolved      { type: 'git',
53 silly install resolved        url: 'git+https://github.com/vakhtang/react-search-bar.git' },
53 silly install resolved     devDependencies:
53 silly install resolved      { 'babel-loader': '^5.3.1',
53 silly install resolved        eslint: '^1.3.1',
53 silly install resolved        'eslint-plugin-react': '^3.3.0',
53 silly install resolved        webpack: '^1.10.1',
53 silly install resolved        'webpack-dev-server': '^1.10.1' },
53 silly install resolved     peerDependencies:
53 silly install resolved      { babel: '^5.6.23',
53 silly install resolved        'babel-core': '^5.6.20',
53 silly install resolved        classnames: '^2.1.3',
53 silly install resolved        'es6-promise': '^3.0.2',
53 silly install resolved        react: '^0.14.0-rc1',
53 silly install resolved        'react-dom': '^0.14.0-rc1' },
53 silly install resolved     gitHead: 'b26f011daaef7b09dbdad3461fa396eac0bbfb10',
53 silly install resolved     _id: 'react-search-bar@1.1.4',
53 silly install resolved     _shasum: '3c465b7e19d3404614dc38e2ca8966fb8e9f1c93',
53 silly install resolved     _from: 'react-search-bar@latest',
53 silly install resolved     _npmVersion: '3.3.8',
53 silly install resolved     _nodeVersion: '4.2.1',
53 silly install resolved     _npmUser: { name: 'vakhtang', email: 'vakhtang@outlook.com' },
53 silly install resolved     dist:
53 silly install resolved      { shasum: '3c465b7e19d3404614dc38e2ca8966fb8e9f1c93',
53 silly install resolved        tarball: 'https://registry.npmjs.org/react-search-bar/-/react-search-bar-1.1.4.tgz' },
53 silly install resolved     maintainers: [ [Object] ],
53 silly install resolved     directories: {},
53 silly install resolved     _resolved: 'https://registry.npmjs.org/react-search-bar/-/react-search-bar-1.1.4.tgz',
53 silly install resolved     readme: 'ERROR: No README data found!' } ]
54 info install react-search-bar@1.1.4 into /Users/davidresnick/Desktop/App Academy/finalProject
55 info installOne react-search-bar@1.1.4
56 verbose installOne of react-search-bar to /Users/davidresnick/Desktop/App Academy/finalProject not in flight; installing
57 verbose correctMkdir /Users/davidresnick/.npm/_locks correctMkdir not in flight; initializing
58 verbose lock using /Users/davidresnick/.npm/_locks/react-search-bar-8e65a705bab65675.lock for /Users/davidresnick/Desktop/App Academy/finalProject/node_modules/react-search-bar
59 silly install write writing react-search-bar 1.1.4 to /Users/davidresnick/Desktop/App Academy/finalProject/node_modules/react-search-bar
60 verbose unbuild node_modules/react-search-bar
61 info preuninstall react-search-bar@1.1.4
62 info uninstall react-search-bar@1.1.4
63 verbose unbuild rmStuff react-search-bar@1.1.4 from /Users/davidresnick/Desktop/App Academy/finalProject/node_modules
64 info postuninstall react-search-bar@1.1.4
65 silly gentlyRm /Users/davidresnick/Desktop/App Academy/finalProject/node_modules/react-search-bar is being purged from base /Users/davidresnick/Desktop/App Academy/finalProject
66 verbose gentlyRm don't care about contents; nuking /Users/davidresnick/Desktop/App Academy/finalProject/node_modules/react-search-bar
67 silly vacuum-fs purging /Users/davidresnick/Desktop/App Academy/finalProject/node_modules/react-search-bar
68 silly vacuum-fs quitting because other entries in /Users/davidresnick/Desktop/App Academy/finalProject/node_modules
69 verbose tar unpack /Users/davidresnick/.npm/react-search-bar/1.1.4/package.tgz
70 verbose tar unpacking to /Users/davidresnick/Desktop/App Academy/finalProject/node_modules/react-search-bar
71 silly gentlyRm /Users/davidresnick/Desktop/App Academy/finalProject/node_modules/react-search-bar is being purged
72 verbose gentlyRm don't care about contents; nuking /Users/davidresnick/Desktop/App Academy/finalProject/node_modules/react-search-bar
73 silly gunzTarPerm modes [ '755', '644' ]
74 silly gunzTarPerm extractEntry package.json
75 silly gunzTarPerm extractEntry README.md
76 silly gunzTarPerm extractEntry LICENSE
77 silly gunzTarPerm extractEntry index.js
78 silly gunzTarPerm extractEntry lib/SearchBar.js
79 silly gunzTarPerm extractEntry lib/Suggestions.js
80 verbose write writing to /Users/davidresnick/Desktop/App Academy/finalProject/node_modules/react-search-bar/package.json
81 info preinstall react-search-bar@1.1.4
82 verbose readDependencies loading dependencies from /Users/davidresnick/Desktop/App Academy/finalProject/node_modules/react-search-bar/package.json
83 silly prepareForInstallMany adding babel-core@^5.6.20 from react-search-bar peerDependencies
84 silly prepareForInstallMany adding react@^0.14.0-rc1 from react-search-bar peerDependencies
85 silly prepareForInstallMany adding react-dom@^0.14.0-rc1 from react-search-bar peerDependencies
86 warn peerDependencies The peer dependency babel-core@^5.6.20 included from react-search-bar will no
87 warn peerDependencies longer be automatically installed to fulfill the peerDependency
88 warn peerDependencies in npm 3+. Your application will need to depend on it explicitly.
89 warn peerDependencies The peer dependency react@^0.14.0-rc1 included from react-search-bar will no
90 warn peerDependencies longer be automatically installed to fulfill the peerDependency
91 warn peerDependencies in npm 3+. Your application will need to depend on it explicitly.
92 warn peerDependencies The peer dependency react-dom@^0.14.0-rc1 included from react-search-bar will no
93 warn peerDependencies longer be automatically installed to fulfill the peerDependency
94 warn peerDependencies in npm 3+. Your application will need to depend on it explicitly.
95 verbose readDependencies loading dependencies from /Users/davidresnick/Desktop/App Academy/finalProject/node_modules/react-search-bar/package.json
96 silly install resolved []
97 verbose about to build /Users/davidresnick/Desktop/App Academy/finalProject/node_modules/react-search-bar
98 info build /Users/davidresnick/Desktop/App Academy/finalProject/node_modules/react-search-bar
99 info linkStuff react-search-bar@1.1.4
100 silly linkStuff react-search-bar@1.1.4 has /Users/davidresnick/Desktop/App Academy/finalProject/node_modules as its parent node_modules
101 verbose linkBins react-search-bar@1.1.4
102 verbose linkMans react-search-bar@1.1.4
103 verbose rebuildBundles react-search-bar@1.1.4
104 info install react-search-bar@1.1.4
105 info postinstall react-search-bar@1.1.4
106 verbose readDependencies loading dependencies from /Users/davidresnick/Desktop/App Academy/finalProject/package.json
107 verbose targetResolver reading package data from /Users/davidresnick/Desktop/App Academy/finalProject/node_modules/babel/package.json
108 verbose targetResolver reading package data from /Users/davidresnick/Desktop/App Academy/finalProject/node_modules/babel-core/package.json
109 verbose targetResolver reading package data from /Users/davidresnick/Desktop/App Academy/finalProject/node_modules/babel-loader/package.json
110 verbose targetResolver reading package data from /Users/davidresnick/Desktop/App Academy/finalProject/node_modules/babel-preset-react/package.json
111 verbose targetResolver reading package data from /Users/davidresnick/Desktop/App Academy/finalProject/node_modules/classnames/package.json
112 verbose targetResolver reading package data from /Users/davidresnick/Desktop/App Academy/finalProject/node_modules/es6-promise/package.json
113 verbose targetResolver reading package data from /Users/davidresnick/Desktop/App Academy/finalProject/node_modules/flux/package.json
114 verbose targetResolver reading package data from /Users/davidresnick/Desktop/App Academy/finalProject/node_modules/react/package.json
115 verbose targetResolver reading package data from /Users/davidresnick/Desktop/App Academy/finalProject/node_modules/react-dom/package.json
116 verbose targetResolver reading package data from /Users/davidresnick/Desktop/App Academy/finalProject/node_modules/react-modal/package.json
117 verbose targetResolver reading package data from /Users/davidresnick/Desktop/App Academy/finalProject/node_modules/react-router/package.json
118 verbose targetResolver reading package data from /Users/davidresnick/Desktop/App Academy/finalProject/node_modules/react-search-bar/package.json
119 verbose targetResolver reading package data from /Users/davidresnick/Desktop/App Academy/finalProject/node_modules/webpack/package.json
120 verbose targetResolver reading package data from /Users/davidresnick/Desktop/App Academy/finalProject/node_modules/.bin/babel/package.json
121 verbose targetResolver reading package data from /Users/davidresnick/Desktop/App Academy/finalProject/node_modules/.bin/babel-external-helpers/package.json
122 verbose targetResolver reading package data from /Users/davidresnick/Desktop/App Academy/finalProject/node_modules/.bin/babel-node/package.json
123 verbose targetResolver reading package data from /Users/davidresnick/Desktop/App Academy/finalProject/node_modules/.bin/babel-plugin/package.json
124 verbose targetResolver reading package data from /Users/davidresnick/Desktop/App Academy/finalProject/node_modules/.bin/webpack/package.json
125 verbose already installed skipping babel-core@^5.6.20 /Users/davidresnick/Desktop/App Academy/finalProject
126 verbose already installed skipping react@^0.14.0-rc1 /Users/davidresnick/Desktop/App Academy/finalProject
127 verbose already installed skipping react-dom@^0.14.0-rc1 /Users/davidresnick/Desktop/App Academy/finalProject
128 silly install resolved []
129 verbose unlock done using /Users/davidresnick/.npm/_locks/react-search-bar-8e65a705bab65675.lock for /Users/davidresnick/Desktop/App Academy/finalProject/node_modules/react-search-bar
130 verbose validateInstall loading /Users/davidresnick/Desktop/App Academy/finalProject/package.json for validation
131 verbose stack Error: The package babel-core@6.7.7 does not satisfy its siblings' peerDependencies requirements!
131 verbose stack     at /usr/local/lib/node_modules/npm/lib/install.js:125:32
131 verbose stack     at /usr/local/lib/node_modules/npm/lib/install.js:268:7
131 verbose stack     at /usr/local/lib/node_modules/npm/node_modules/read-installed/read-installed.js:142:5
131 verbose stack     at /usr/local/lib/node_modules/npm/node_modules/read-installed/read-installed.js:263:14
131 verbose stack     at cb (/usr/local/lib/node_modules/npm/node_modules/slide/lib/async-map.js:47:24)
131 verbose stack     at /usr/local/lib/node_modules/npm/node_modules/read-installed/read-installed.js:263:14
131 verbose stack     at cb (/usr/local/lib/node_modules/npm/node_modules/slide/lib/async-map.js:47:24)
131 verbose stack     at /usr/local/lib/node_modules/npm/node_modules/read-installed/read-installed.js:263:14
131 verbose stack     at cb (/usr/local/lib/node_modules/npm/node_modules/slide/lib/async-map.js:47:24)
131 verbose stack     at /usr/local/lib/node_modules/npm/node_modules/read-installed/read-installed.js:263:14
132 verbose cwd /Users/davidresnick/Desktop/App Academy/finalProject
133 error Darwin 14.5.0
134 error argv "/usr/local/bin/node" "/usr/local/bin/npm" "install" "--save" "react-search-bar"
135 error node v4.4.3
136 error npm  v2.15.1
137 error code EPEERINVALID
138 error peerinvalid The package babel-core@6.7.7 does not satisfy its siblings' peerDependencies requirements!
138 error peerinvalid Peer babel-loader@6.2.4 wants babel-core@^6.0.0
138 error peerinvalid Peer react-search-bar@1.1.4 wants babel-core@^5.6.20
139 verbose exit [ 1, true ]
